# JRE version: Java(TM) SE Runtime Environment (8.0_161-b12) (build 1.8.0_161-b12)
# Java VM: Java HotSpot(TM) 64-Bit Server VM (25.161-b12 mixed mode windows-amd64 compressed oops)
Heap:
 PSYoungGen      total 131072K, used 115221K [0x00000000e0000000, 0x00000000e9000000, 0x0000000100000000)
  eden space 125952K, 91% used [0x00000000e0000000,0x00000000e70855f8,0x00000000e7b00000)
  from space 5120K, 0% used [0x00000000e8000000,0x00000000e8000000,0x00000000e8500000)
  to   space 10752K, 0% used [0x00000000e8580000,0x00000000e8580000,0x00000000e9000000)
 ParOldGen       total 46080K, used 7769K [0x00000000a0000000, 0x00000000a2d00000, 0x00000000e0000000)
  object space 46080K, 16% used [0x00000000a0000000,0x00000000a07966b8,0x00000000a2d00000)
 Metaspace       used 30733K, capacity 31410K, committed 31744K, reserved 1077248K
  class space    used 4323K, capacity 4525K, committed 4608K, reserved 1048576K
GC Heap History (10 events):
Event: 44.642 GC heap before
{Heap before GC invocations=2 (full 0):
 PSYoungGen      total 37888K, used 37015K [0x00000000e0000000, 0x00000000e4a00000, 0x0000000100000000)
  eden space 32768K, 100% used [0x00000000e0000000,0x00000000e2000000,0x00000000e2000000)
  from space 5120K, 82% used [0x00000000e2000000,0x00000000e2425eb0,0x00000000e2500000)
  to   space 5120K, 0% used [0x00000000e4500000,0x00000000e4500000,0x00000000e4a00000)
 ParOldGen       total 86016K, used 8K [0x00000000a0000000, 0x00000000a5400000, 0x00000000e0000000)
  object space 86016K, 0% used [0x00000000a0000000,0x00000000a0002000,0x00000000a5400000)
 Metaspace       used 8405K, capacity 8666K, committed 8960K, reserved 1056768K
  class space    used 1097K, capacity 1173K, committed 1280K, reserved 1048576K
Event: 45.213 GC heap after
Heap after GC invocations=2 (full 0):
 PSYoungGen      total 70656K, used 4161K [0x00000000e0000000, 0x00000000e4a00000, 0x0000000100000000)
  eden space 65536K, 0% used [0x00000000e0000000,0x00000000e0000000,0x00000000e4000000)
  from space 5120K, 81% used [0x00000000e4500000,0x00000000e4910510,0x00000000e4a00000)
  to   space 5120K, 0% used [0x00000000e4000000,0x00000000e4000000,0x00000000e4500000)
 ParOldGen       total 86016K, used 8K [0x00000000a0000000, 0x00000000a5400000, 0x00000000e0000000)
  object space 86016K, 0% used [0x00000000a0000000,0x00000000a0002000,0x00000000a5400000)
 Metaspace       used 8405K, capacity 8666K, committed 8960K, reserved 1056768K
  class space    used 1097K, capacity 1173K, committed 1280K, reserved 1048576K
}
Event: 97.645 GC heap before
{Heap before GC invocations=3 (full 0):
 PSYoungGen      total 70656K, used 69697K [0x00000000e0000000, 0x00000000e4a00000, 0x0000000100000000)
  eden space 65536K, 100% used [0x00000000e0000000,0x00000000e4000000,0x00000000e4000000)
  from space 5120K, 81% used [0x00000000e4500000,0x00000000e4910510,0x00000000e4a00000)
  to   space 5120K, 0% used [0x00000000e4000000,0x00000000e4000000,0x00000000e4500000)
 ParOldGen       total 86016K, used 8K [0x00000000a0000000, 0x00000000a5400000, 0x00000000e0000000)
  object space 86016K, 0% used [0x00000000a0000000,0x00000000a0002000,0x00000000a5400000)
 Metaspace       used 15305K, capacity 15742K, committed 16000K, reserved 1062912K
  class space    used 2205K, capacity 2359K, committed 2432K, reserved 1048576K
Event: 97.779 GC heap after
Heap after GC invocations=3 (full 0):
 PSYoungGen      total 70656K, used 5104K [0x00000000e0000000, 0x00000000e8a00000, 0x0000000100000000)
  eden space 65536K, 0% used [0x00000000e0000000,0x00000000e0000000,0x00000000e4000000)
  from space 5120K, 99% used [0x00000000e4000000,0x00000000e44fc030,0x00000000e4500000)
  to   space 5120K, 0% used [0x00000000e8500000,0x00000000e8500000,0x00000000e8a00000)
 ParOldGen       total 86016K, used 4606K [0x00000000a0000000, 0x00000000a5400000, 0x00000000e0000000)
  object space 86016K, 5% used [0x00000000a0000000,0x00000000a047fb58,0x00000000a5400000)
 Metaspace       used 15305K, capacity 15742K, committed 16000K, reserved 1062912K
  class space    used 2205K, capacity 2359K, committed 2432K, reserved 1048576K
}
Event: 184.702 GC heap before
{Heap before GC invocations=4 (full 0):
 PSYoungGen      total 70656K, used 70640K [0x00000000e0000000, 0x00000000e8a00000, 0x0000000100000000)
  eden space 65536K, 100% used [0x00000000e0000000,0x00000000e4000000,0x00000000e4000000)
  from space 5120K, 99% used [0x00000000e4000000,0x00000000e44fc030,0x00000000e4500000)
  to   space 5120K, 0% used [0x00000000e8500000,0x00000000e8500000,0x00000000e8a00000)
 ParOldGen       total 86016K, used 4606K [0x00000000a0000000, 0x00000000a5400000, 0x00000000e0000000)
  object space 86016K, 5% used [0x00000000a0000000,0x00000000a047fb58,0x00000000a5400000)
 Metaspace       used 19031K, capacity 19490K, committed 19712K, reserved 1067008K
  class space    used 2793K, capacity 2947K, committed 3072K, reserved 1048576K
Event: 184.711 GC heap after
Heap after GC invocations=4 (full 0):
 PSYoungGen      total 136192K, used 5088K [0x00000000e0000000, 0x00000000e8a00000, 0x0000000100000000)
  eden space 131072K, 0% used [0x00000000e0000000,0x00000000e0000000,0x00000000e8000000)
  from space 5120K, 99% used [0x00000000e8500000,0x00000000e89f8030,0x00000000e8a00000)
  to   space 5120K, 0% used [0x00000000e8000000,0x00000000e8000000,0x00000000e8500000)
 ParOldGen       total 86016K, used 8804K [0x00000000a0000000, 0x00000000a5400000, 0x00000000e0000000)
  object space 86016K, 10% used [0x00000000a0000000,0x00000000a0899040,0x00000000a5400000)
 Metaspace       used 19031K, capacity 19490K, committed 19712K, reserved 1067008K
  class space    used 2793K, capacity 2947K, committed 3072K, reserved 1048576K
}
Event: 245.491 GC heap before
{Heap before GC invocations=5 (full 0):
 PSYoungGen      total 136192K, used 47791K [0x00000000e0000000, 0x00000000e8a00000, 0x0000000100000000)
  eden space 131072K, 32% used [0x00000000e0000000,0x00000000e29b3cb8,0x00000000e8000000)
  from space 5120K, 99% used [0x00000000e8500000,0x00000000e89f8030,0x00000000e8a00000)
  to   space 5120K, 0% used [0x00000000e8000000,0x00000000e8000000,0x00000000e8500000)
 ParOldGen       total 86016K, used 8804K [0x00000000a0000000, 0x00000000a5400000, 0x00000000e0000000)
  object space 86016K, 10% used [0x00000000a0000000,0x00000000a0899040,0x00000000a5400000)
 Metaspace       used 20568K, capacity 21096K, committed 21248K, reserved 1067008K
  class space    used 3038K, capacity 3230K, committed 3328K, reserved 1048576K
Event: 245.508 GC heap after
Heap after GC invocations=5 (full 0):
 PSYoungGen      total 131072K, used 5088K [0x00000000e0000000, 0x00000000e9000000, 0x0000000100000000)
  eden space 125952K, 0% used [0x00000000e0000000,0x00000000e0000000,0x00000000e7b00000)
  from space 5120K, 99% used [0x00000000e8000000,0x00000000e84f8030,0x00000000e8500000)
  to   space 10752K, 0% used [0x00000000e8580000,0x00000000e8580000,0x00000000e9000000)
 ParOldGen       total 86016K, used 10542K [0x00000000a0000000, 0x00000000a5400000, 0x00000000e0000000)
  object space 86016K, 12% used [0x00000000a0000000,0x00000000a0a4bba0,0x00000000a5400000)
 Metaspace       used 20568K, capacity 21096K, committed 21248K, reserved 1067008K
  class space    used 3038K, capacity 3230K, committed 3328K, reserved 1048576K
}
Event: 245.508 GC heap before
{Heap before GC invocations=6 (full 1):
 PSYoungGen      total 131072K, used 5088K [0x00000000e0000000, 0x00000000e9000000, 0x0000000100000000)
  eden space 125952K, 0% used [0x00000000e0000000,0x00000000e0000000,0x00000000e7b00000)
  from space 5120K, 99% used [0x00000000e8000000,0x00000000e84f8030,0x00000000e8500000)
  to   space 10752K, 0% used [0x00000000e8580000,0x00000000e8580000,0x00000000e9000000)
 ParOldGen       total 86016K, used 10542K [0x00000000a0000000, 0x00000000a5400000, 0x00000000e0000000)
  object space 86016K, 12% used [0x00000000a0000000,0x00000000a0a4bba0,0x00000000a5400000)
 Metaspace       used 20568K, capacity 21096K, committed 21248K, reserved 1067008K
  class space    used 3038K, capacity 3230K, committed 3328K, reserved 1048576K
Event: 245.590 GC heap after
Heap after GC invocations=6 (full 1):
 PSYoungGen      total 131072K, used 0K [0x00000000e0000000, 0x00000000e9000000, 0x0000000100000000)
  eden space 125952K, 0% used [0x00000000e0000000,0x00000000e0000000,0x00000000e7b00000)
  from space 5120K, 0% used [0x00000000e8000000,0x00000000e8000000,0x00000000e8500000)
  to   space 10752K, 0% used [0x00000000e8580000,0x00000000e8580000,0x00000000e9000000)
 ParOldGen       total 46080K, used 7769K [0x00000000a0000000, 0x00000000a2d00000, 0x00000000e0000000)
  object space 46080K, 16% used [0x00000000a0000000,0x00000000a07966b8,0x00000000a2d00000)
 Metaspace       used 20568K, capacity 21096K, committed 21248K, reserved 1067008K
  class space    used 3038K, capacity 3230K, committed 3328K, reserved 1048576K
}

