# JRE version: Java(TM) SE Runtime Environment (8.0_161-b12) (build 1.8.0_161-b12)
# Java VM: Java HotSpot(TM) 64-Bit Server VM (25.161-b12 mixed mode windows-amd64 compressed oops)
Heap:
 PSYoungGen      total 67072K, used 8515K [0x00000000e0000000, 0x00000000e4e80000, 0x0000000100000000)
  eden space 59904K, 2% used [0x00000000e0000000,0x00000000e018c798,0x00000000e3a80000)
  from space 7168K, 96% used [0x00000000e3c00000,0x00000000e42c4730,0x00000000e4300000)
  to   space 10240K, 0% used [0x00000000e4480000,0x00000000e4480000,0x00000000e4e80000)
 ParOldGen       total 44544K, used 7875K [0x00000000a0000000, 0x00000000a2b80000, 0x00000000e0000000)
  object space 44544K, 17% used [0x00000000a0000000,0x00000000a07b0ec8,0x00000000a2b80000)
 Metaspace       used 30735K, capacity 31350K, committed 31488K, reserved 1077248K
  class space    used 4329K, capacity 4525K, committed 4608K, reserved 1048576K
GC Heap History (10 events):
Event: 186.780 GC heap before
{Heap before GC invocations=6 (full 0):
 PSYoungGen      total 37888K, used 37856K [0x00000000e0000000, 0x00000000e5400000, 0x0000000100000000)
  eden space 32768K, 100% used [0x00000000e0000000,0x00000000e2000000,0x00000000e2000000)
  from space 5120K, 99% used [0x00000000e2000000,0x00000000e24f8030,0x00000000e2500000)
  to   space 10240K, 0% used [0x00000000e4a00000,0x00000000e4a00000,0x00000000e5400000)
 ParOldGen       total 86016K, used 8013K [0x00000000a0000000, 0x00000000a5400000, 0x00000000e0000000)
  object space 86016K, 9% used [0x00000000a0000000,0x00000000a07d3750,0x00000000a5400000)
 Metaspace       used 19028K, capacity 19494K, committed 19712K, reserved 1067008K
  class space    used 2795K, capacity 2947K, committed 3072K, reserved 1048576K
Event: 186.787 GC heap after
Heap after GC invocations=6 (full 0):
 PSYoungGen      total 75776K, used 5184K [0x00000000e0000000, 0x00000000e5400000, 0x0000000100000000)
  eden space 65536K, 0% used [0x00000000e0000000,0x00000000e0000000,0x00000000e4000000)
  from space 10240K, 50% used [0x00000000e4a00000,0x00000000e4f10050,0x00000000e5400000)
  to   space 10240K, 0% used [0x00000000e4000000,0x00000000e4000000,0x00000000e4a00000)
 ParOldGen       total 86016K, used 8021K [0x00000000a0000000, 0x00000000a5400000, 0x00000000e0000000)
  object space 86016K, 9% used [0x00000000a0000000,0x00000000a07d5750,0x00000000a5400000)
 Metaspace       used 19028K, capacity 19494K, committed 19712K, reserved 1067008K
  class space    used 2795K, capacity 2947K, committed 3072K, reserved 1048576K
}
Event: 196.660 GC heap before
{Heap before GC invocations=7 (full 0):
 PSYoungGen      total 75776K, used 26705K [0x00000000e0000000, 0x00000000e5400000, 0x0000000100000000)
  eden space 65536K, 32% used [0x00000000e0000000,0x00000000e1504708,0x00000000e4000000)
  from space 10240K, 50% used [0x00000000e4a00000,0x00000000e4f10050,0x00000000e5400000)
  to   space 10240K, 0% used [0x00000000e4000000,0x00000000e4000000,0x00000000e4a00000)
 ParOldGen       total 86016K, used 8021K [0x00000000a0000000, 0x00000000a5400000, 0x00000000e0000000)
  object space 86016K, 9% used [0x00000000a0000000,0x00000000a07d5750,0x00000000a5400000)
 Metaspace       used 20635K, capacity 21106K, committed 21248K, reserved 1067008K
  class space    used 3051K, capacity 3232K, committed 3328K, reserved 1048576K
Event: 196.668 GC heap after
Heap after GC invocations=7 (full 0):
 PSYoungGen      total 68608K, used 4796K [0x00000000e0000000, 0x00000000e5100000, 0x0000000100000000)
  eden space 63488K, 0% used [0x00000000e0000000,0x00000000e0000000,0x00000000e3e00000)
  from space 5120K, 93% used [0x00000000e4000000,0x00000000e44af340,0x00000000e4500000)
  to   space 9728K, 0% used [0x00000000e4780000,0x00000000e4780000,0x00000000e5100000)
 ParOldGen       total 86016K, used 10253K [0x00000000a0000000, 0x00000000a5400000, 0x00000000e0000000)
  object space 86016K, 11% used [0x00000000a0000000,0x00000000a0a037e0,0x00000000a5400000)
 Metaspace       used 20635K, capacity 21106K, committed 21248K, reserved 1067008K
  class space    used 3051K, capacity 3232K, committed 3328K, reserved 1048576K
}
Event: 196.669 GC heap before
{Heap before GC invocations=8 (full 1):
 PSYoungGen      total 68608K, used 4796K [0x00000000e0000000, 0x00000000e5100000, 0x0000000100000000)
  eden space 63488K, 0% used [0x00000000e0000000,0x00000000e0000000,0x00000000e3e00000)
  from space 5120K, 93% used [0x00000000e4000000,0x00000000e44af340,0x00000000e4500000)
  to   space 9728K, 0% used [0x00000000e4780000,0x00000000e4780000,0x00000000e5100000)
 ParOldGen       total 86016K, used 10253K [0x00000000a0000000, 0x00000000a5400000, 0x00000000e0000000)
  object space 86016K, 11% used [0x00000000a0000000,0x00000000a0a037e0,0x00000000a5400000)
 Metaspace       used 20635K, capacity 21106K, committed 21248K, reserved 1067008K
  class space    used 3051K, capacity 3232K, committed 3328K, reserved 1048576K
Event: 196.713 GC heap after
Heap after GC invocations=8 (full 1):
 PSYoungGen      total 68608K, used 0K [0x00000000e0000000, 0x00000000e5100000, 0x0000000100000000)
  eden space 63488K, 0% used [0x00000000e0000000,0x00000000e0000000,0x00000000e3e00000)
  from space 5120K, 0% used [0x00000000e4000000,0x00000000e4000000,0x00000000e4500000)
  to   space 9728K, 0% used [0x00000000e4780000,0x00000000e4780000,0x00000000e5100000)
 ParOldGen       total 44544K, used 7859K [0x00000000a0000000, 0x00000000a2b80000, 0x00000000e0000000)
  object space 44544K, 17% used [0x00000000a0000000,0x00000000a07acec8,0x00000000a2b80000)
 Metaspace       used 20635K, capacity 21106K, committed 21248K, reserved 1067008K
  class space    used 3051K, capacity 3232K, committed 3328K, reserved 1048576K
}
Event: 197.487 GC heap before
{Heap before GC invocations=9 (full 1):
 PSYoungGen      total 68608K, used 63488K [0x00000000e0000000, 0x00000000e5100000, 0x0000000100000000)
  eden space 63488K, 100% used [0x00000000e0000000,0x00000000e3e00000,0x00000000e3e00000)
  from space 5120K, 0% used [0x00000000e4000000,0x00000000e4000000,0x00000000e4500000)
  to   space 9728K, 0% used [0x00000000e4780000,0x00000000e4780000,0x00000000e5100000)
 ParOldGen       total 44544K, used 7859K [0x00000000a0000000, 0x00000000a2b80000, 0x00000000e0000000)
  object space 44544K, 17% used [0x00000000a0000000,0x00000000a07acec8,0x00000000a2b80000)
 Metaspace       used 28468K, capacity 29012K, committed 29312K, reserved 1075200K
  class space    used 3971K, capacity 4137K, committed 4224K, reserved 1048576K
Event: 197.492 GC heap after
Heap after GC invocations=9 (full 1):
 PSYoungGen      total 70144K, used 7792K [0x00000000e0000000, 0x00000000e5000000, 0x0000000100000000)
  eden space 61440K, 0% used [0x00000000e0000000,0x00000000e0000000,0x00000000e3c00000)
  from space 8704K, 89% used [0x00000000e4780000,0x00000000e4f1c1a0,0x00000000e5000000)
  to   space 10240K, 0% used [0x00000000e3c00000,0x00000000e3c00000,0x00000000e4600000)
 ParOldGen       total 44544K, used 7867K [0x00000000a0000000, 0x00000000a2b80000, 0x00000000e0000000)
  object space 44544K, 17% used [0x00000000a0000000,0x00000000a07aeec8,0x00000000a2b80000)
 Metaspace       used 28468K, capacity 29012K, committed 29312K, reserved 1075200K
  class space    used 3971K, capacity 4137K, committed 4224K, reserved 1048576K
}
Event: 256.434 GC heap before
{Heap before GC invocations=10 (full 1):
 PSYoungGen      total 70144K, used 69232K [0x00000000e0000000, 0x00000000e5000000, 0x0000000100000000)
  eden space 61440K, 100% used [0x00000000e0000000,0x00000000e3c00000,0x00000000e3c00000)
  from space 8704K, 89% used [0x00000000e4780000,0x00000000e4f1c1a0,0x00000000e5000000)
  to   space 10240K, 0% used [0x00000000e3c00000,0x00000000e3c00000,0x00000000e4600000)
 ParOldGen       total 44544K, used 7867K [0x00000000a0000000, 0x00000000a2b80000, 0x00000000e0000000)
  object space 44544K, 17% used [0x00000000a0000000,0x00000000a07aeec8,0x00000000a2b80000)
 Metaspace       used 30735K, capacity 31350K, committed 31488K, reserved 1077248K
  class space    used 4329K, capacity 4525K, committed 4608K, reserved 1048576K
Event: 256.442 GC heap after
Heap after GC invocations=10 (full 1):
 PSYoungGen      total 67072K, used 6929K [0x00000000e0000000, 0x00000000e4e80000, 0x0000000100000000)
  eden space 59904K, 0% used [0x00000000e0000000,0x00000000e0000000,0x00000000e3a80000)
  from space 7168K, 96% used [0x00000000e3c00000,0x00000000e42c4730,0x00000000e4300000)
  to   space 10240K, 0% used [0x00000000e4480000,0x00000000e4480000,0x00000000e4e80000)
 ParOldGen       total 44544K, used 7875K [0x00000000a0000000, 0x00000000a2b80000, 0x00000000e0000000)
  object space 44544K, 17% used [0x00000000a0000000,0x00000000a07b0ec8,0x00000000a2b80000)
 Metaspace       used 30735K, capacity 31350K, committed 31488K, reserved 1077248K
  class space    used 4329K, capacity 4525K, committed 4608K, reserved 1048576K
}

